127.0.0.1 - - [01/Dec/2019:00:29:49 +0900] "GET / HTTP/1.1" 200 1289
127.0.0.1 - - [01/Dec/2019:00:29:49 +0900] "GET /bitnami.css HTTP/1.1" 200 798
127.0.0.1 - - [01/Dec/2019:00:29:49 +0900] "GET /img/bitnami.png?1186088387 HTTP/1.1" 200 3738
127.0.0.1 - - [01/Dec/2019:00:29:49 +0900] "GET /img/tab1_welcome.png HTTP/1.1" 200 1009
127.0.0.1 - - [01/Dec/2019:00:29:49 +0900] "GET /img/tab2_welcome.png HTTP/1.1" 200 1053
127.0.0.1 - - [01/Dec/2019:00:29:49 +0900] "GET /img/wampstack.png HTTP/1.1" 200 3774
127.0.0.1 - - [01/Dec/2019:00:29:49 +0900] "GET /img/tabs_bg.png HTTP/1.1" 200 214
127.0.0.1 - - [01/Dec/2019:00:29:50 +0900] "GET /favicon.ico HTTP/1.1" 200 1150
127.0.0.1 - - [01/Dec/2019:00:38:50 +0900] "GET /test.php HTTP/1.1" 500 -
127.0.0.1 - - [01/Dec/2019:00:39:48 +0900] "GET / HTTP/1.1" 200 170
127.0.0.1 - - [01/Dec/2019:00:39:51 +0900] "GET /test.php HTTP/1.1" 500 -
127.0.0.1 - - [01/Dec/2019:00:41:49 +0900] "GET / HTTP/1.1" 200 170
127.0.0.1 - - [01/Dec/2019:00:41:57 +0900] "GET /test.php HTTP/1.1" 500 -
127.0.0.1 - - [01/Dec/2019:00:42:37 +0900] "GET / HTTP/1.1" 200 170
127.0.0.1 - - [01/Dec/2019:00:42:37 +0900] "GET /favicon.ico HTTP/1.1" 404 196
127.0.0.1 - - [01/Dec/2019:00:42:40 +0900] "GET /test.php HTTP/1.1" 500 -
127.0.0.1 - - [01/Dec/2019:00:42:42 +0900] "GET /test.php HTTP/1.1" 500 -
127.0.0.1 - - [01/Dec/2019:00:42:57 +0900] "-" 408 -
127.0.0.1 - - [01/Dec/2019:00:42:57 +0900] "-" 408 -
127.0.0.1 - - [01/Dec/2019:00:46:34 +0900] "GET /test.php HTTP/1.1" 500 -
127.0.0.1 - - [01/Dec/2019:00:48:27 +0900] "GET / HTTP/1.1" 200 180
127.0.0.1 - - [01/Dec/2019:00:48:28 +0900] "GET /favicon.ico HTTP/1.1" 404 196
127.0.0.1 - - [01/Dec/2019:00:48:31 +0900] "GET /.idea/ HTTP/1.1" 200 249
127.0.0.1 - - [01/Dec/2019:00:48:33 +0900] "GET / HTTP/1.1" 200 180
127.0.0.1 - - [01/Dec/2019:00:48:34 +0900] "GET /test.php HTTP/1.1" 500 -
127.0.0.1 - - [01/Dec/2019:00:48:36 +0900] "GET / HTTP/1.1" 200 180
127.0.0.1 - - [01/Dec/2019:00:48:38 +0900] "GET /.idea/ HTTP/1.1" 200 249
127.0.0.1 - - [01/Dec/2019:00:48:40 +0900] "GET / HTTP/1.1" 200 180
127.0.0.1 - - [01/Dec/2019:00:55:54 +0900] "GET /test/php HTTP/1.1" 404 196
127.0.0.1 - - [01/Dec/2019:00:55:55 +0900] "GET /favicon.ico HTTP/1.1" 404 196
127.0.0.1 - - [01/Dec/2019:00:56:01 +0900] "GET /test.php HTTP/1.1" 200 25723
127.0.0.1 - - [01/Dec/2019:00:57:01 +0900] "-" 408 -
::1 - - [01/Dec/2019:01:21:07 +0900] "POST /upload.php HTTP/1.1" 404 196
::1 - - [01/Dec/2019:01:21:07 +0900] "GET /favicon.ico HTTP/1.1" 404 196
::1 - - [01/Dec/2019:01:41:04 +0900] "GET /index.php HTTP/1.1" 200 187
::1 - - [01/Dec/2019:01:41:05 +0900] "GET /favicon.ico HTTP/1.1" 404 196
::1 - - [01/Dec/2019:01:42:04 +0900] "-" 408 -
::1 - - [01/Dec/2019:01:49:01 +0900] "GET /upload.php HTTP/1.1" 200 -
::1 - - [01/Dec/2019:01:50:01 +0900] "-" 408 -
::1 - - [01/Dec/2019:01:51:20 +0900] "GET /index.php HTTP/1.1" 200 187
::1 - - [01/Dec/2019:02:03:17 +0900] "GET /upload.php HTTP/1.1" 200 323
::1 - - [01/Dec/2019:02:03:45 +0900] "GET /form_file.html HTTP/1.1" 404 196
::1 - - [01/Dec/2019:02:04:34 +0900] "POST /upload.php HTTP/1.1" 200 416
::1 - - [01/Dec/2019:02:05:34 +0900] "-" 408 -
::1 - - [01/Dec/2019:02:14:19 +0900] "POST /upload.php HTTP/1.1" 200 243
::1 - - [01/Dec/2019:02:14:53 +0900] "POST /upload.php HTTP/1.1" 200 243
::1 - - [01/Dec/2019:02:15:19 +0900] "POST /upload.php HTTP/1.1" 200 416
::1 - - [01/Dec/2019:02:17:01 +0900] "POST /upload.php HTTP/1.1" 200 439
::1 - - [01/Dec/2019:02:18:01 +0900] "-" 408 -
::1 - - [01/Dec/2019:02:25:37 +0900] "POST /upload.php HTTP/1.1" 200 442
::1 - - [01/Dec/2019:02:26:37 +0900] "-" 408 -
::1 - - [01/Dec/2019:02:27:11 +0900] "OPTIONS /upload.php/users/register HTTP/1.1" 200 323
::1 - - [01/Dec/2019:02:27:47 +0900] "OPTIONS /upload.php HTTP/1.1" 200 323
::1 - - [01/Dec/2019:02:28:22 +0900] "GET /upload.php HTTP/1.1" 200 323
::1 - - [01/Dec/2019:02:58:06 +0900] "GET /homework/FileUpload/index.php HTTP/1.1" 404 196
::1 - - [01/Dec/2019:02:59:06 +0900] "-" 408 -
::1 - - [01/Dec/2019:02:59:25 +0900] "GET /Homework/FileUpload/index.php HTTP/1.1" 404 196
::1 - - [01/Dec/2019:02:59:55 +0900] "POST /upload.php HTTP/1.1" 200 443
::1 - - [01/Dec/2019:03:00:14 +0900] "GET /insert.php HTTP/1.1" 404 196
::1 - - [01/Dec/2019:03:00:33 +0900] "GET /Homework/insert.php HTTP/1.1" 404 196
::1 - - [01/Dec/2019:03:02:10 +0900] "POST /upload.php HTTP/1.1" 200 442
::1 - - [01/Dec/2019:03:02:15 +0900] "-" 408 -
::1 - - [01/Dec/2019:03:02:15 +0900] "-" 408 -
::1 - - [01/Dec/2019:03:03:31 +0900] "GET /upload.php HTTP/1.1" 200 323
::1 - - [01/Dec/2019:03:04:03 +0900] "GET /FileUpload/index.php HTTP/1.1" 200 16
::1 - - [01/Dec/2019:03:05:01 +0900] "GET /FileUpload/index.php HTTP/1.1" 200 16
::1 - - [01/Dec/2019:03:05:49 +0900] "GET /FileUpload/index.php HTTP/1.1" 200 16
::1 - - [01/Dec/2019:03:15:42 +0900] "OPTIONS /FileUpload/index.php HTTP/1.1" 200 16
::1 - - [01/Dec/2019:03:15:42 +0900] "POST /FileUpload/index.php HTTP/1.1" 200 115
::1 - - [01/Dec/2019:03:17:04 +0900] "OPTIONS /FileUpload/index.php HTTP/1.1" 200 16
::1 - - [01/Dec/2019:03:17:04 +0900] "POST /FileUpload/index.php HTTP/1.1" 200 125
::1 - - [01/Dec/2019:03:26:00 +0900] "OPTIONS /FileUpload/index.php HTTP/1.1" 200 16
::1 - - [01/Dec/2019:03:26:00 +0900] "POST /FileUpload/index.php HTTP/1.1" 200 112
::1 - - [01/Dec/2019:03:47:35 +0900] "OPTIONS /FileUpload/index.php HTTP/1.1" 200 16
::1 - - [01/Dec/2019:03:47:35 +0900] "POST /FileUpload/index.php HTTP/1.1" 200 112
::1 - - [01/Dec/2019:04:08:33 +0900] "OPTIONS /FileUpload/index.php HTTP/1.1" 200 16
::1 - - [01/Dec/2019:04:08:33 +0900] "POST /FileUpload/index.php HTTP/1.1" 200 111
::1 - - [01/Dec/2019:04:10:20 +0900] "OPTIONS /FileUpload/index.php HTTP/1.1" 200 16
::1 - - [01/Dec/2019:04:10:20 +0900] "POST /FileUpload/index.php HTTP/1.1" 200 125
::1 - - [01/Dec/2019:04:12:21 +0900] "OPTIONS /FileUpload/index.php HTTP/1.1" 200 16
::1 - - [01/Dec/2019:04:12:21 +0900] "POST /FileUpload/index.php HTTP/1.1" 200 125
::1 - - [01/Dec/2019:04:13:21 +0900] "OPTIONS /FileUpload/index.php HTTP/1.1" 200 16
::1 - - [01/Dec/2019:04:13:21 +0900] "POST /FileUpload/index.php HTTP/1.1" 200 147
::1 - - [01/Dec/2019:04:13:36 +0900] "OPTIONS /FileUpload/index.php HTTP/1.1" 200 16
::1 - - [01/Dec/2019:04:13:36 +0900] "POST /FileUpload/index.php HTTP/1.1" 200 145
::1 - - [01/Dec/2019:04:15:44 +0900] "GET /a1ed5f5b1d2a937a85d785e1e7da5213.jpg HTTP/1.1" 404 196
::1 - - [01/Dec/2019:04:16:11 +0900] "GET /FileUpload/uploads/a1ed5f5b1d2a937a85d785e1e7da5213.jpg HTTP/1.1" 200 1306702
::1 - - [01/Dec/2019:04:17:04 +0900] "GET /FileUpload/uploads/Hello%20world.txt HTTP/1.1" 200 11
::1 - - [01/Dec/2019:04:18:54 +0900] "OPTIONS /FileUpload/index.php HTTP/1.1" 200 16
::1 - - [01/Dec/2019:04:18:54 +0900] "POST /FileUpload/index.php HTTP/1.1" 200 114
::1 - - [01/Dec/2019:04:19:25 +0900] "GET /FileUpload/uploads/17f8a00c16600f76b9249e1bcdf37539.hwp HTTP/1.1" 200 8704
::1 - - [01/Dec/2019:04:20:25 +0900] "-" 408 -
::1 - - [01/Dec/2019:05:38:09 +0900] "GET /list.php HTTP/1.1" 200 165
::1 - - [01/Dec/2019:05:38:27 +0900] "GET /list.php HTTP/1.1" 200 165
::1 - - [01/Dec/2019:05:39:09 +0900] "-" 408 -
::1 - - [01/Dec/2019:05:39:51 +0900] "GET /list.php HTTP/1.1" 200 196
::1 - - [01/Dec/2019:05:40:29 +0900] "GET /list.php HTTP/1.1" 200 166
::1 - - [01/Dec/2019:05:41:28 +0900] "GET /list.php HTTP/1.1" 200 196
::1 - - [01/Dec/2019:05:42:02 +0900] "GET /list.php HTTP/1.1" 200 272
::1 - - [01/Dec/2019:05:42:54 +0900] "GET /list.php HTTP/1.1" 200 195
::1 - - [01/Dec/2019:05:43:14 +0900] "GET /list.php HTTP/1.1" 200 195
::1 - - [01/Dec/2019:05:43:37 +0900] "GET /list.php HTTP/1.1" 200 164
::1 - - [01/Dec/2019:05:44:19 +0900] "OPTIONS /FileUpload/index.php HTTP/1.1" 200 16
::1 - - [01/Dec/2019:05:44:19 +0900] "POST /FileUpload/index.php HTTP/1.1" 200 112
::1 - - [01/Dec/2019:05:44:21 +0900] "GET /list.php HTTP/1.1" 200 188
::1 - - [01/Dec/2019:05:44:37 +0900] "-" 408 -
::1 - - [01/Dec/2019:05:59:24 +0900] "OPTIONS /FileUpload/index.php HTTP/1.1" 200 212
::1 - - [01/Dec/2019:05:59:25 +0900] "GET /list.php HTTP/1.1" 200 188
::1 - - [01/Dec/2019:06:00:25 +0900] "-" 408 -
::1 - - [01/Dec/2019:06:00:53 +0900] "OPTIONS /FileUpload/index.php HTTP/1.1" 200 212
::1 - - [01/Dec/2019:06:00:53 +0900] "POST /FileUpload/index.php HTTP/1.1" 200 212
::1 - - [01/Dec/2019:06:00:54 +0900] "GET /list.php HTTP/1.1" 200 188
::1 - - [01/Dec/2019:06:01:23 +0900] "OPTIONS /FileUpload/index.php HTTP/1.1" 200 16
::1 - - [01/Dec/2019:06:01:23 +0900] "POST /FileUpload/index.php HTTP/1.1" 200 105
::1 - - [01/Dec/2019:06:01:25 +0900] "GET /list.php HTTP/1.1" 200 215
::1 - - [01/Dec/2019:06:06:13 +0900] "OPTIONS /FileUpload/index.php HTTP/1.1" 200 16
::1 - - [01/Dec/2019:06:06:13 +0900] "POST /FileUpload/index.php HTTP/1.1" 200 106
::1 - - [01/Dec/2019:06:06:15 +0900] "GET /list.php HTTP/1.1" 200 215
::1 - - [01/Dec/2019:06:07:15 +0900] "-" 408 -
::1 - - [01/Dec/2019:06:11:45 +0900] "OPTIONS /FileUpload/index.php HTTP/1.1" 200 16
::1 - - [01/Dec/2019:06:11:45 +0900] "POST /FileUpload/index.php HTTP/1.1" 200 126
::1 - - [01/Dec/2019:06:14:35 +0900] "OPTIONS /FileUpload/index.php HTTP/1.1" 200 16
::1 - - [01/Dec/2019:06:14:35 +0900] "POST /FileUpload/index.php HTTP/1.1" 200 125
::1 - - [01/Dec/2019:06:14:37 +0900] "GET /list.php HTTP/1.1" 200 215
::1 - - [01/Dec/2019:06:30:45 +0900] "OPTIONS /FileUpload/index.php HTTP/1.1" 200 16
::1 - - [01/Dec/2019:06:30:45 +0900] "POST /FileUpload/index.php HTTP/1.1" 200 125
::1 - - [01/Dec/2019:06:30:47 +0900] "GET /list.php HTTP/1.1" 200 192
::1 - - [01/Dec/2019:06:31:16 +0900] "GET /list.php HTTP/1.1" 200 192
::1 - - [01/Dec/2019:06:31:20 +0900] "GET /list.php HTTP/1.1" 200 192
::1 - - [01/Dec/2019:06:31:55 +0900] "GET /list.php HTTP/1.1" 200 187
::1 - - [01/Dec/2019:06:32:25 +0900] "OPTIONS /FileUpload/index.php HTTP/1.1" 200 16
::1 - - [01/Dec/2019:06:32:25 +0900] "POST /FileUpload/index.php HTTP/1.1" 200 124
::1 - - [01/Dec/2019:06:32:27 +0900] "GET /list.php HTTP/1.1" 200 187
::1 - - [01/Dec/2019:06:33:27 +0900] "-" 408 -
::1 - - [01/Dec/2019:06:34:37 +0900] "GET /list.php HTTP/1.1" 200 120
::1 - - [01/Dec/2019:06:34:57 +0900] "OPTIONS /FileUpload/index.php HTTP/1.1" 200 16
::1 - - [01/Dec/2019:06:34:57 +0900] "POST /FileUpload/index.php HTTP/1.1" 200 128
::1 - - [01/Dec/2019:06:34:59 +0900] "GET /list.php HTTP/1.1" 200 145
::1 - - [01/Dec/2019:06:35:31 +0900] "OPTIONS /FileUpload/index.php HTTP/1.1" 200 16
::1 - - [01/Dec/2019:06:35:31 +0900] "POST /FileUpload/index.php HTTP/1.1" 200 104
::1 - - [01/Dec/2019:06:35:33 +0900] "GET /list.php HTTP/1.1" 200 170
::1 - - [01/Dec/2019:18:07:29 +0900] "GET /index.php HTTP/1.1" 404 196
::1 - - [01/Dec/2019:18:07:29 +0900] "GET /favicon.ico HTTP/1.1" 404 196
::1 - - [01/Dec/2019:18:07:56 +0900] "GET /FileUpload/index.php HTTP/1.1" 200 16
::1 - - [01/Dec/2019:18:08:10 +0900] "GET /list.html HTTP/1.1" 200 498
::1 - - [01/Dec/2019:18:08:54 +0900] "GET /list.html HTTP/1.1" 200 500
::1 - - [01/Dec/2019:18:09:19 +0900] "GET /list.html HTTP/1.1" 200 502
172.31.3.176 - - [06/Dec/2019:12:59:05 +0900] "GET / HTTP/1.0" 200 295
::1 - - [10/Dec/2019:11:30:47 +0900] "GET /FileUpload/index.php HTTP/1.1" 200 16
::1 - - [10/Dec/2019:11:30:48 +0900] "GET /favicon.ico HTTP/1.1" 404 196
::1 - - [10/Dec/2019:11:31:48 +0900] "-" 408 -
::1 - - [10/Dec/2019:11:32:04 +0900] "GET /upload.php HTTP/1.1" 404 196
::1 - - [10/Dec/2019:11:33:04 +0900] "-" 408 -
::1 - - [11/Dec/2019:18:10:05 +0900] "-" 408 -
::1 - - [11/Dec/2019:19:47:21 +0900] "GET /list.php HTTP/1.1" 200 274
::1 - - [11/Dec/2019:19:47:22 +0900] "GET /favicon.ico HTTP/1.1" 404 196
::1 - - [11/Dec/2019:19:50:06 +0900] "GET /FileUpload/index.php HTTP/1.1" 200 16
::1 - - [11/Dec/2019:20:00:32 +0900] "GET / HTTP/1.1" 200 193
::1 - - [11/Dec/2019:20:00:54 +0900] "GET /FileUpload/ HTTP/1.1" 200 16
::1 - - [11/Dec/2019:20:01:54 +0900] "-" 408 -
::1 - - [11/Dec/2019:20:02:19 +0900] "GET /FileUpload/ HTTP/1.1" 200 16
::1 - - [11/Dec/2019:20:02:23 +0900] "GET /list.html HTTP/1.1" 200 502
::1 - - [11/Dec/2019:20:02:25 +0900] "GET /list.php HTTP/1.1" 200 274
::1 - - [11/Dec/2019:20:02:29 +0900] "GET /list.php HTTP/1.1" 200 274
::1 - - [11/Dec/2019:20:02:44 +0900] "GET /list.php HTTP/1.1" 200 274
::1 - - [11/Dec/2019:20:03:58 +0900] "-" 408 -
::1 - - [11/Dec/2019:20:03:58 +0900] "-" 408 -
::1 - - [11/Dec/2019:20:08:16 +0900] "-" 408 -
::1 - - [11/Dec/2019:20:18:22 +0900] "GET / HTTP/1.1" 200 193
::1 - - [11/Dec/2019:20:18:35 +0900] "GET /upload/ HTTP/1.1" 404 196
::1 - - [11/Dec/2019:20:18:45 +0900] "GET /uploads/ HTTP/1.1" 404 196
::1 - - [11/Dec/2019:20:19:09 +0900] "GET /FileUpload/uploads/ HTTP/1.1" 200 264
::1 - - [11/Dec/2019:20:19:14 +0900] "GET /FileUpload/ HTTP/1.1" 200 16
::1 - - [11/Dec/2019:20:19:19 +0900] "GET /FileUpload/uploads/743a3b297ca8afde95973a7ce0c3d4a8.png HTTP/1.1" 200 26045
::1 - - [11/Dec/2019:20:24:58 +0900] "GET /list.php HTTP/1.1" 200 274
::1 - - [11/Dec/2019:20:27:19 +0900] "GET /list.php HTTP/1.1" 200 274
::1 - - [11/Dec/2019:20:28:19 +0900] "-" 408 -
::1 - - [11/Dec/2019:22:23:27 +0900] "OPTIONS /FileUpload/index.php HTTP/1.1" 200 16
::1 - - [11/Dec/2019:22:23:27 +0900] "POST /FileUpload/index.php HTTP/1.1" 200 60
::1 - - [11/Dec/2019:22:23:29 +0900] "GET /list.php HTTP/1.1" 200 274
::1 - - [11/Dec/2019:22:29:01 +0900] "OPTIONS /FileUpload/index.php HTTP/1.1" 200 16
::1 - - [11/Dec/2019:22:29:01 +0900] "POST /FileUpload/index.php HTTP/1.1" 200 124
::1 - - [11/Dec/2019:22:29:04 +0900] "GET /list.php HTTP/1.1" 200 86
::1 - - [11/Dec/2019:22:30:04 +0900] "-" 408 -
::1 - - [11/Dec/2019:22:39:11 +0900] "OPTIONS /FileUpload/index.php HTTP/1.1" 200 16
::1 - - [11/Dec/2019:22:39:11 +0900] "POST /FileUpload/index.php HTTP/1.1" 200 126
::1 - - [11/Dec/2019:22:39:13 +0900] "GET /list.php HTTP/1.1" 200 116
::1 - - [11/Dec/2019:22:40:13 +0900] "-" 408 -
::1 - - [11/Dec/2019:22:47:01 +0900] "OPTIONS /FileUpload/index.php HTTP/1.1" 200 16
::1 - - [11/Dec/2019:22:47:01 +0900] "POST /FileUpload/index.php HTTP/1.1" 200 105
::1 - - [11/Dec/2019:22:47:23 +0900] "GET /list.php HTTP/1.1" 200 119
::1 - - [11/Dec/2019:22:49:10 +0900] "OPTIONS /FileUpload/index.php HTTP/1.1" 200 16
::1 - - [11/Dec/2019:22:49:10 +0900] "POST /FileUpload/index.php HTTP/1.1" 200 324
::1 - - [11/Dec/2019:22:49:12 +0900] "GET /list.php HTTP/1.1" 200 119
::1 - - [11/Dec/2019:22:49:31 +0900] "OPTIONS /FileUpload/index.php HTTP/1.1" 200 16
::1 - - [11/Dec/2019:22:49:31 +0900] "POST /FileUpload/index.php HTTP/1.1" 200 146
::1 - - [11/Dec/2019:22:49:33 +0900] "GET /list.php HTTP/1.1" 200 144
::1 - - [11/Dec/2019:22:52:05 +0900] "OPTIONS /FileUpload/index.php HTTP/1.1" 200 16
::1 - - [11/Dec/2019:22:52:05 +0900] "POST /FileUpload/index.php HTTP/1.1" 200 146
::1 - - [11/Dec/2019:22:52:26 +0900] "OPTIONS /FileUpload/index.php HTTP/1.1" 200 16
::1 - - [11/Dec/2019:22:52:26 +0900] "POST /FileUpload/index.php HTTP/1.1" 200 147
::1 - - [11/Dec/2019:22:52:28 +0900] "GET /list.php HTTP/1.1" 200 189
::1 - - [11/Dec/2019:22:53:28 +0900] "-" 408 -
::1 - - [11/Dec/2019:23:04:42 +0900] "OPTIONS /FileUpload/index.php HTTP/1.1" 200 16
::1 - - [11/Dec/2019:23:04:42 +0900] "POST /FileUpload/index.php HTTP/1.1" 200 103
::1 - - [11/Dec/2019:23:04:44 +0900] "GET /list.php HTTP/1.1" 200 276
::1 - - [11/Dec/2019:23:04:55 +0900] "GET /list.php HTTP/1.1" 200 187
::1 - - [11/Dec/2019:23:05:28 +0900] "GET /list.php HTTP/1.1" 200 236
::1 - - [11/Dec/2019:23:06:12 +0900] "GET /list.php HTTP/1.1" 200 187
::1 - - [11/Dec/2019:23:07:12 +0900] "-" 408 -
::1 - - [12/Dec/2019:01:29:46 +0900] "GET /list.php HTTP/1.1" 200 165
::1 - - [12/Dec/2019:02:01:58 +0900] "GET /loadfile.html HTTP/1.1" 200 136
::1 - - [12/Dec/2019:02:02:17 +0900] "GET /loadfile.html HTTP/1.1" 200 116
::1 - - [12/Dec/2019:02:19:20 +0900] "GET /loadfile.html HTTP/1.1" 200 118
::1 - - [12/Dec/2019:02:20:20 +0900] "-" 408 -
::1 - - [12/Dec/2019:02:23:21 +0900] "GET /loadfile.html HTTP/1.1" 200 146
::1 - - [12/Dec/2019:02:28:50 +0900] "GET /loadfile.html HTTP/1.1" 200 146
::1 - - [12/Dec/2019:02:29:50 +0900] "-" 408 -
::1 - - [12/Dec/2019:02:30:29 +0900] "GET /list.php HTTP/1.1" 200 241
::1 - - [12/Dec/2019:02:32:54 +0900] "GET /loadfile.html HTTP/1.1" 200 93
::1 - - [12/Dec/2019:02:32:55 +0900] "GET /uploads/5d1c41a5626f8f68778f8baff9f175a8.jpg HTTP/1.1" 404 196
::1 - - [12/Dec/2019:02:33:13 +0900] "GET /uploads/5d1c41a5626f8f68778f8baff9f175a8.jpg HTTP/1.1" 404 196
::1 - - [12/Dec/2019:02:34:13 +0900] "-" 408 -
::1 - - [12/Dec/2019:02:34:48 +0900] "GET /loadfile.html HTTP/1.1" 200 144
::1 - - [12/Dec/2019:02:35:33 +0900] "GET /list.php HTTP/1.1" 200 144
::1 - - [12/Dec/2019:02:37:30 +0900] "GET /list.php HTTP/1.1" 200 144
::1 - - [12/Dec/2019:02:38:24 +0900] "GET /list.php HTTP/1.1" 200 144
::1 - - [12/Dec/2019:02:49:14 +0900] "GET /C:/Bitnami/wampstack-7.3.11-0/apache2/htdocs/FileUpload/uploads/743a3b297ca8afde95973a7ce0c3d4a8.png HTTP/1.1" 403 199
::1 - - [12/Dec/2019:02:50:28 +0900] "-" 408 -
::1 - - [12/Dec/2019:02:50:28 +0900] "-" 408 -
::1 - - [12/Dec/2019:02:51:56 +0900] "OPTIONS /FileUpload/index.php HTTP/1.1" 200 16
::1 - - [12/Dec/2019:02:51:56 +0900] "POST /FileUpload/index.php HTTP/1.1" 200 126
::1 - - [12/Dec/2019:02:52:41 +0900] "OPTIONS /FileUpload/index.php HTTP/1.1" 200 16
::1 - - [12/Dec/2019:02:52:41 +0900] "POST /FileUpload/index.php HTTP/1.1" 200 125
::1 - - [12/Dec/2019:02:53:08 +0900] "OPTIONS /FileUpload/index.php HTTP/1.1" 200 16
::1 - - [12/Dec/2019:02:53:08 +0900] "POST /FileUpload/index.php HTTP/1.1" 200 126
::1 - - [12/Dec/2019:02:54:58 +0900] "GET /list.php HTTP/1.1" 200 145
::1 - - [12/Dec/2019:02:55:29 +0900] "OPTIONS /FileUpload/index.php HTTP/1.1" 200 16
::1 - - [12/Dec/2019:02:55:29 +0900] "POST /FileUpload/index.php HTTP/1.1" 200 108
::1 - - [12/Dec/2019:02:55:43 +0900] "GET /list.php HTTP/1.1" 200 171
::1 - - [12/Dec/2019:02:56:43 +0900] "-" 408 -
::1 - - [12/Dec/2019:02:56:53 +0900] "OPTIONS /FileUpload/index.php HTTP/1.1" 200 16
::1 - - [12/Dec/2019:02:56:53 +0900] "POST /FileUpload/index.php HTTP/1.1" 200 107
::1 - - [12/Dec/2019:02:56:55 +0900] "GET /list.php HTTP/1.1" 200 170
::1 - - [12/Dec/2019:02:57:42 +0900] "GET /FileUpload/uploads/fba449e525c430af406a2336b874cf37.txt HTTP/1.1" 200 5
::1 - - [12/Dec/2019:03:01:07 +0900] "GET /loadfile.html HTTP/1.1" 200 159
::1 - - [12/Dec/2019:03:01:10 +0900] "GET /FileUpload/uploads/fba449e525c430af406a2336b874cf37.txt HTTP/1.1" 304 -
::1 - - [12/Dec/2019:03:01:31 +0900] "GET /loadfile.html HTTP/1.1" 200 140
::1 - - [12/Dec/2019:03:02:31 +0900] "-" 408 -
::1 - - [12/Dec/2019:03:04:16 +0900] "GET /loadfile.html HTTP/1.1" 200 213
::1 - - [12/Dec/2019:03:04:18 +0900] "GET /FileUpload/uploads/bdd805349de4565e168bc7d61acc096f.jpg HTTP/1.1" 200 238792
::1 - - [12/Dec/2019:03:04:22 +0900] "GET /FileUpload/uploads/fba449e525c430af406a2336b874cf37.txt HTTP/1.1" 304 -
::1 - - [12/Dec/2019:03:05:25 +0900] "GET /loadfile.html HTTP/1.1" 200 216
::1 - - [12/Dec/2019:03:05:27 +0900] "GET /FileUpload/uploads/fba449e525c430af406a2336b874cf37.txt HTTP/1.1" 304 -
::1 - - [12/Dec/2019:03:08:30 +0900] "GET /loadfile.html HTTP/1.1" 200 216
::1 - - [12/Dec/2019:03:08:32 +0900] "GET /FileUpload/uploads/fba449e525c430af406a2336b874cf37.txt HTTP/1.1" 304 -
::1 - - [12/Dec/2019:03:11:22 +0900] "OPTIONS /FileUpload/index.php HTTP/1.1" 200 16
::1 - - [12/Dec/2019:03:11:22 +0900] "POST /FileUpload/index.php HTTP/1.1" 200 142
::1 - - [12/Dec/2019:03:11:24 +0900] "GET /list.php HTTP/1.1" 200 191
::1 - - [12/Dec/2019:03:11:25 +0900] "GET /favicon.ico HTTP/1.1" 404 196
::1 - - [12/Dec/2019:03:11:32 +0900] "GET /loadfile.html HTTP/1.1" 200 216
::1 - - [12/Dec/2019:03:12:23 +0900] "GET /loadfile.html HTTP/1.1" 200 245
::1 - - [12/Dec/2019:03:12:25 +0900] "GET /FileUpload/uploads/5a955029e30c146d609a6bba3627bf92.txt HTTP/1.1" 200 29
::1 - - [12/Dec/2019:03:13:23 +0900] "GET /FileUpload/uploads/5a955029e30c146d609a6bba3627bf92.txt HTTP/1.1" 304 -
::1 - - [12/Dec/2019:03:15:20 +0900] "GET /loadfile.html HTTP/1.1" 200 309
::1 - - [12/Dec/2019:03:15:22 +0900] "GET /FileUpload/uploads/5a955029e30c146d609a6bba3627bf92.txt HTTP/1.1" 304 -
::1 - - [12/Dec/2019:03:15:27 +0900] "GET /list.php HTTP/1.1" 200 191
::1 - - [12/Dec/2019:03:16:20 +0900] "-" 408 -
::1 - - [12/Dec/2019:03:20:43 +0900] "GET /loadfile.html HTTP/1.1" 200 309
::1 - - [12/Dec/2019:03:20:45 +0900] "GET /FileUpload/uploads/5a955029e30c146d609a6bba3627bf92.txt HTTP/1.1" 304 -
::1 - - [12/Dec/2019:03:29:29 +0900] "GET /loadfile.html HTTP/1.1" 200 309
::1 - - [12/Dec/2019:03:29:30 +0900] "GET /favicon.ico HTTP/1.1" 404 196
::1 - - [12/Dec/2019:03:29:33 +0900] "GET /list.php HTTP/1.1" 200 191
::1 - - [12/Dec/2019:11:03:54 +0900] "GET /loadfile.html HTTP/1.1" 200 332
::1 - - [12/Dec/2019:11:03:54 +0900] "GET /favicon.ico HTTP/1.1" 404 196
::1 - - [12/Dec/2019:11:03:55 +0900] "GET /FileUpload/uploads/fba449e525c430af406a2336b874cf37.txt HTTP/1.1" 200 5
::1 - - [12/Dec/2019:11:04:23 +0900] "GET /loadfile.html HTTP/1.1" 200 330
::1 - - [12/Dec/2019:11:04:57 +0900] "GET /list.php HTTP/1.1" 200 191
::1 - - [12/Dec/2019:11:05:57 +0900] "-" 408 -
::1 - - [12/Dec/2019:11:06:40 +0900] "GET /loadfile.html HTTP/1.1" 200 347
::1 - - [12/Dec/2019:11:06:45 +0900] "GET /FileUpload/uploads/5a955029e30c146d609a6bba3627bf92.txt HTTP/1.1" 200 29
::1 - - [12/Dec/2019:11:07:34 +0900] "OPTIONS /FileUpload/index.php HTTP/1.1" 200 16
::1 - - [12/Dec/2019:11:07:34 +0900] "POST /FileUpload/index.php HTTP/1.1" 200 117
::1 - - [12/Dec/2019:11:07:36 +0900] "GET /list.php HTTP/1.1" 200 213
::1 - - [12/Dec/2019:11:07:37 +0900] "GET /favicon.ico HTTP/1.1" 404 196
::1 - - [12/Dec/2019:11:08:36 +0900] "-" 408 -
::1 - - [12/Dec/2019:11:08:52 +0900] "GET /loadfile.html HTTP/1.1" 200 387
::1 - - [12/Dec/2019:11:08:54 +0900] "GET /FileUpload/uploads/d92fe96b939596a77b28edc4e3504d48.pptx HTTP/1.1" 200 1174612
::1 - - [12/Dec/2019:11:10:29 +0900] "GET /loadfile.html HTTP/1.1" 200 383
::1 - - [12/Dec/2019:11:10:29 +0900] "GET /favicon.ico HTTP/1.1" 404 196
