[Sun Dec 01 00:28:14.457463 2019] [ssl:warn] [pid 22296:tid 760] AH01909: localhost:443:0 server certificate does NOT include an ID which matches the server name
[Sun Dec 01 00:28:14.550215 2019] [ssl:warn] [pid 22296:tid 760] AH01909: localhost:443:0 server certificate does NOT include an ID which matches the server name
[Sun Dec 01 00:28:14.648951 2019] [mpm_winnt:notice] [pid 22296:tid 760] AH00455: Apache/2.4.41 (Win64) OpenSSL/1.1.1c PHP/7.3.11 configured -- resuming normal operations
[Sun Dec 01 00:28:14.648951 2019] [mpm_winnt:notice] [pid 22296:tid 760] AH00456: Apache Lounge VC15 Server built: Aug 11 2019 12:20:04
[Sun Dec 01 00:28:14.648951 2019] [core:notice] [pid 22296:tid 760] AH00094: Command line: 'C:\\Bitnami\\WAMPST~1.11-\\apache2\\bin\\httpd.exe -d C:/Bitnami/wampstack-7.3.11-0/apache2 -f C:\\Bitnami\\WAMPST~1.11-\\apache2\\conf\\httpd.conf'
[Sun Dec 01 00:28:14.658925 2019] [mpm_winnt:notice] [pid 22296:tid 760] AH00418: Parent: Created child process 30156
[Sun Dec 01 00:28:17.255967 2019] [ssl:warn] [pid 30156:tid 680] AH01909: localhost:443:0 server certificate does NOT include an ID which matches the server name
[Sun Dec 01 00:28:17.314859 2019] [ssl:warn] [pid 30156:tid 680] AH01909: localhost:443:0 server certificate does NOT include an ID which matches the server name
[Sun Dec 01 00:28:17.355701 2019] [mpm_winnt:notice] [pid 30156:tid 680] AH00354: Child: Starting 64 worker threads.
[Sun Dec 01 00:28:38.013936 2019] [mpm_winnt:notice] [pid 22296:tid 760] AH00422: Parent: Received shutdown signal -- Shutting down the server.
[Sun Dec 01 00:28:40.016199 2019] [mpm_winnt:notice] [pid 30156:tid 680] AH00364: Child: All worker threads have exited.
[Sun Dec 01 00:28:40.042921 2019] [mpm_winnt:notice] [pid 22296:tid 760] AH00430: Parent: Child process 30156 exited successfully.
[Sun Dec 01 00:28:44.144018 2019] [ssl:warn] [pid 14084:tid 708] AH01909: localhost:443:0 server certificate does NOT include an ID which matches the server name
[Sun Dec 01 00:28:44.208844 2019] [ssl:warn] [pid 14084:tid 708] AH01909: localhost:443:0 server certificate does NOT include an ID which matches the server name
[Sun Dec 01 00:28:44.244749 2019] [mpm_winnt:notice] [pid 14084:tid 708] AH00455: Apache/2.4.41 (Win64) OpenSSL/1.1.1c PHP/7.3.11 configured -- resuming normal operations
[Sun Dec 01 00:28:44.244749 2019] [mpm_winnt:notice] [pid 14084:tid 708] AH00456: Apache Lounge VC15 Server built: Aug 11 2019 12:20:04
[Sun Dec 01 00:28:44.244749 2019] [core:notice] [pid 14084:tid 708] AH00094: Command line: 'C:\\Bitnami\\WAMPST~1.11-\\apache2\\bin\\httpd.exe -d C:/Bitnami/wampstack-7.3.11-0/apache2 -f C:\\Bitnami\\WAMPST~1.11-\\apache2\\conf\\httpd.conf'
[Sun Dec 01 00:28:44.251730 2019] [mpm_winnt:notice] [pid 14084:tid 708] AH00418: Parent: Created child process 16548
[Sun Dec 01 00:28:46.807056 2019] [ssl:warn] [pid 16548:tid 620] AH01909: localhost:443:0 server certificate does NOT include an ID which matches the server name
[Sun Dec 01 00:28:46.868924 2019] [ssl:warn] [pid 16548:tid 620] AH01909: localhost:443:0 server certificate does NOT include an ID which matches the server name
[Sun Dec 01 00:28:46.910780 2019] [mpm_winnt:notice] [pid 16548:tid 620] AH00354: Child: Starting 64 worker threads.
[Sun Dec 01 00:38:50.425525 2019] [php7:crit] [pid 16548:tid 1268] [client 127.0.0.1:64408] PHP Parse error:  syntax error, unexpected 'info' (T_STRING) in C:\\Bitnami\\wampstack-7.3.11-0\\apache2\\htdocs\\test.php on line 2
[Sun Dec 01 00:39:51.521859 2019] [php7:crit] [pid 16548:tid 1268] [client 127.0.0.1:64429] PHP Parse error:  syntax error, unexpected 'info' (T_STRING) in C:\\Bitnami\\wampstack-7.3.11-0\\apache2\\htdocs\\test.php on line 2, referer: http://127.0.0.1/
[Sun Dec 01 00:41:57.594862 2019] [php7:crit] [pid 16548:tid 1264] [client 127.0.0.1:64500] PHP Parse error:  syntax error, unexpected 'info' (T_STRING) in C:\\Bitnami\\wampstack-7.3.11-0\\apache2\\htdocs\\test.php on line 2, referer: http://127.0.0.1/
[Sun Dec 01 00:42:40.278003 2019] [php7:crit] [pid 16548:tid 1256] [client 127.0.0.1:64541] PHP Parse error:  syntax error, unexpected 'info' (T_STRING) in C:\\Bitnami\\wampstack-7.3.11-0\\apache2\\htdocs\\test.php on line 2, referer: http://127.0.0.1/
[Sun Dec 01 00:42:42.362008 2019] [php7:crit] [pid 16548:tid 1260] [client 127.0.0.1:64540] PHP Parse error:  syntax error, unexpected 'info' (T_STRING) in C:\\Bitnami\\wampstack-7.3.11-0\\apache2\\htdocs\\test.php on line 2
[Sun Dec 01 00:46:34.369400 2019] [php7:crit] [pid 16548:tid 1268] [client 127.0.0.1:64679] PHP Parse error:  syntax error, unexpected 'info' (T_STRING) in C:\\Bitnami\\wampstack-7.3.11-0\\apache2\\htdocs\\test.php on line 2
[Sun Dec 01 00:48:34.428587 2019] [php7:crit] [pid 16548:tid 1264] [client 127.0.0.1:64751] PHP Parse error:  syntax error, unexpected 'info' (T_STRING) in C:\\Bitnami\\wampstack-7.3.11-0\\apache2\\htdocs\\test.php on line 2, referer: https://127.0.0.1/
[Sun Dec 01 01:01:21.807103 2019] [mpm_winnt:notice] [pid 14084:tid 708] AH00422: Parent: Received shutdown signal -- Shutting down the server.
[Sun Dec 01 01:01:23.811633 2019] [mpm_winnt:notice] [pid 16548:tid 620] AH00364: Child: All worker threads have exited.
[Sun Dec 01 01:01:23.886961 2019] [mpm_winnt:notice] [pid 14084:tid 708] AH00430: Parent: Child process 16548 exited successfully.
[Sun Dec 01 01:01:29.063420 2019] [ssl:warn] [pid 19464:tid 576] AH01909: localhost:443:0 server certificate does NOT include an ID which matches the server name
[Sun Dec 01 01:01:29.174124 2019] [ssl:warn] [pid 19464:tid 576] AH01909: localhost:443:0 server certificate does NOT include an ID which matches the server name
[Sun Dec 01 01:01:29.247016 2019] [mpm_winnt:notice] [pid 19464:tid 576] AH00455: Apache/2.4.41 (Win64) OpenSSL/1.1.1c PHP/7.3.11 configured -- resuming normal operations
[Sun Dec 01 01:01:29.248014 2019] [mpm_winnt:notice] [pid 19464:tid 576] AH00456: Apache Lounge VC15 Server built: Aug 11 2019 12:20:04
[Sun Dec 01 01:01:29.249017 2019] [core:notice] [pid 19464:tid 576] AH00094: Command line: 'C:\\Bitnami\\WAMPST~1.11-\\apache2\\bin\\httpd.exe -d C:/Bitnami/wampstack-7.3.11-0/apache2 -f C:\\Bitnami\\WAMPST~1.11-\\apache2\\conf\\httpd.conf'
[Sun Dec 01 01:01:29.259035 2019] [mpm_winnt:notice] [pid 19464:tid 576] AH00418: Parent: Created child process 9820
[Sun Dec 01 01:01:34.271877 2019] [ssl:warn] [pid 9820:tid 556] AH01909: localhost:443:0 server certificate does NOT include an ID which matches the server name
[Sun Dec 01 01:01:34.367622 2019] [ssl:warn] [pid 9820:tid 556] AH01909: localhost:443:0 server certificate does NOT include an ID which matches the server name
[Sun Dec 01 01:01:34.430452 2019] [mpm_winnt:notice] [pid 9820:tid 556] AH00354: Child: Starting 64 worker threads.
[Sun Dec 01 01:21:07.711988 2019] [php7:error] [pid 9820:tid 1260] [client ::1:65110] script 'C:/Bitnami/wampstack-7.3.11-0/apache2/htdocs/upload.php' not found or unable to stat
[Sun Dec 01 02:03:17.947333 2019] [php7:notice] [pid 9820:tid 1260] [client ::1:49470] PHP Notice:  Undefined index: userfile in C:\\Bitnami\\wampstack-7.3.11-0\\apache2\\htdocs\\upload.php on line 10
[Sun Dec 01 02:03:17.948331 2019] [php7:notice] [pid 9820:tid 1260] [client ::1:49470] PHP Notice:  Undefined index: userfile in C:\\Bitnami\\wampstack-7.3.11-0\\apache2\\htdocs\\upload.php on line 12
[Sun Dec 01 02:04:34.391821 2019] [php7:notice] [pid 9820:tid 1256] [client ::1:49483] PHP Notice:  Undefined index: userfile in C:\\Bitnami\\wampstack-7.3.11-0\\apache2\\htdocs\\upload.php on line 10
[Sun Dec 01 02:04:34.391821 2019] [php7:notice] [pid 9820:tid 1256] [client ::1:49483] PHP Notice:  Undefined index: userfile in C:\\Bitnami\\wampstack-7.3.11-0\\apache2\\htdocs\\upload.php on line 12
[Sun Dec 01 02:14:19.591885 2019] [php7:notice] [pid 9820:tid 1256] [client ::1:49559] PHP Notice:  Undefined variable: FILES in C:\\Bitnami\\wampstack-7.3.11-0\\apache2\\htdocs\\upload.php on line 2
[Sun Dec 01 02:14:53.103798 2019] [php7:notice] [pid 9820:tid 1256] [client ::1:49561] PHP Notice:  Undefined variable: FILES in C:\\Bitnami\\wampstack-7.3.11-0\\apache2\\htdocs\\upload.php on line 2
[Sun Dec 01 02:15:19.106147 2019] [php7:notice] [pid 9820:tid 1256] [client ::1:49565] PHP Notice:  Undefined index: userfile in C:\\Bitnami\\wampstack-7.3.11-0\\apache2\\htdocs\\upload.php on line 10
[Sun Dec 01 02:15:19.106147 2019] [php7:notice] [pid 9820:tid 1256] [client ::1:49565] PHP Notice:  Undefined index: userfile in C:\\Bitnami\\wampstack-7.3.11-0\\apache2\\htdocs\\upload.php on line 12
[Sun Dec 01 02:17:01.220253 2019] [php7:notice] [pid 9820:tid 1256] [client ::1:49576] PHP Notice:  Undefined index: userfile in C:\\Bitnami\\wampstack-7.3.11-0\\apache2\\htdocs\\upload.php on line 10
[Sun Dec 01 02:17:01.220253 2019] [php7:notice] [pid 9820:tid 1256] [client ::1:49576] PHP Notice:  Undefined index: userfile in C:\\Bitnami\\wampstack-7.3.11-0\\apache2\\htdocs\\upload.php on line 12
[Sun Dec 01 02:25:37.034148 2019] [php7:notice] [pid 9820:tid 1256] [client ::1:49639] PHP Notice:  Undefined index: userfile in C:\\Bitnami\\wampstack-7.3.11-0\\apache2\\htdocs\\upload.php on line 10
[Sun Dec 01 02:25:37.034148 2019] [php7:notice] [pid 9820:tid 1256] [client ::1:49639] PHP Notice:  Undefined index: userfile in C:\\Bitnami\\wampstack-7.3.11-0\\apache2\\htdocs\\upload.php on line 12
[Sun Dec 01 02:27:11.410097 2019] [php7:notice] [pid 9820:tid 1260] [client ::1:49706] PHP Notice:  Undefined index: userfile in C:\\Bitnami\\wampstack-7.3.11-0\\apache2\\htdocs\\upload.php on line 10, referer: http://localhost:4200/gyosu
[Sun Dec 01 02:27:11.410097 2019] [php7:notice] [pid 9820:tid 1260] [client ::1:49706] PHP Notice:  Undefined index: userfile in C:\\Bitnami\\wampstack-7.3.11-0\\apache2\\htdocs\\upload.php on line 12, referer: http://localhost:4200/gyosu
[Sun Dec 01 02:27:47.101372 2019] [php7:notice] [pid 9820:tid 1260] [client ::1:49741] PHP Notice:  Undefined index: userfile in C:\\Bitnami\\wampstack-7.3.11-0\\apache2\\htdocs\\upload.php on line 10, referer: http://localhost:4200/gyosu
[Sun Dec 01 02:27:47.101372 2019] [php7:notice] [pid 9820:tid 1260] [client ::1:49741] PHP Notice:  Undefined index: userfile in C:\\Bitnami\\wampstack-7.3.11-0\\apache2\\htdocs\\upload.php on line 12, referer: http://localhost:4200/gyosu
[Sun Dec 01 02:28:22.763649 2019] [php7:notice] [pid 9820:tid 1260] [client ::1:49758] PHP Notice:  Undefined index: userfile in C:\\Bitnami\\wampstack-7.3.11-0\\apache2\\htdocs\\upload.php on line 10
[Sun Dec 01 02:28:22.780605 2019] [php7:notice] [pid 9820:tid 1260] [client ::1:49758] PHP Notice:  Undefined index: userfile in C:\\Bitnami\\wampstack-7.3.11-0\\apache2\\htdocs\\upload.php on line 12
[Sun Dec 01 02:59:55.460873 2019] [php7:notice] [pid 9820:tid 1256] [client ::1:50077] PHP Notice:  Undefined index: userfile in C:\\Bitnami\\wampstack-7.3.11-0\\apache2\\htdocs\\upload.php on line 10
[Sun Dec 01 02:59:55.461512 2019] [php7:notice] [pid 9820:tid 1256] [client ::1:50077] PHP Notice:  Undefined index: userfile in C:\\Bitnami\\wampstack-7.3.11-0\\apache2\\htdocs\\upload.php on line 12
[Sun Dec 01 03:00:14.399155 2019] [php7:error] [pid 9820:tid 1260] [client ::1:50078] script 'C:/Bitnami/wampstack-7.3.11-0/apache2/htdocs/insert.php' not found or unable to stat
[Sun Dec 01 03:02:10.894609 2019] [php7:notice] [pid 9820:tid 1252] [client ::1:50090] PHP Notice:  Undefined index: userfile in C:\\Bitnami\\wampstack-7.3.11-0\\apache2\\htdocs\\upload.php on line 10
[Sun Dec 01 03:02:10.894609 2019] [php7:notice] [pid 9820:tid 1252] [client ::1:50090] PHP Notice:  Undefined index: userfile in C:\\Bitnami\\wampstack-7.3.11-0\\apache2\\htdocs\\upload.php on line 12
[Sun Dec 01 03:03:31.519332 2019] [php7:notice] [pid 9820:tid 1252] [client ::1:50106] PHP Notice:  Undefined index: userfile in C:\\Bitnami\\wampstack-7.3.11-0\\apache2\\htdocs\\upload.php on line 10
[Sun Dec 01 03:03:31.519332 2019] [php7:notice] [pid 9820:tid 1252] [client ::1:50106] PHP Notice:  Undefined index: userfile in C:\\Bitnami\\wampstack-7.3.11-0\\apache2\\htdocs\\upload.php on line 12
[Sun Dec 01 05:42:02.905694 2019] [php7:warn] [pid 9820:tid 1256] [client ::1:51508] PHP Warning:  Unterminated comment starting line 11 in C:\\Bitnami\\wampstack-7.3.11-0\\apache2\\htdocs\\list.php on line 11
[Sun Dec 01 05:59:24.327838 2019] [php7:notice] [pid 9820:tid 1260] [client ::1:51771] PHP Notice:  Undefined index: fileToUpload in C:\\Bitnami\\wampstack-7.3.11-0\\apache2\\htdocs\\FileUpload\\index.php on line 6, referer: http://localhost:4200/gyosu
[Sun Dec 01 05:59:24.328835 2019] [php7:warn] [pid 9820:tid 1260] [client ::1:51771] PHP Warning:  count(): Parameter must be an array or an object that implements Countable in C:\\Bitnami\\wampstack-7.3.11-0\\apache2\\htdocs\\FileUpload\\index.php on line 6, referer: http://localhost:4200/gyosu
[Sun Dec 01 06:00:53.405900 2019] [php7:notice] [pid 9820:tid 1252] [client ::1:51802] PHP Notice:  Undefined index: fileToUpload in C:\\Bitnami\\wampstack-7.3.11-0\\apache2\\htdocs\\FileUpload\\index.php on line 6, referer: http://localhost:4200/gyosu
[Sun Dec 01 06:00:53.405900 2019] [php7:warn] [pid 9820:tid 1252] [client ::1:51802] PHP Warning:  count(): Parameter must be an array or an object that implements Countable in C:\\Bitnami\\wampstack-7.3.11-0\\apache2\\htdocs\\FileUpload\\index.php on line 6, referer: http://localhost:4200/gyosu
[Sun Dec 01 06:00:53.414877 2019] [php7:notice] [pid 9820:tid 1252] [client ::1:51802] PHP Notice:  Undefined index: fileToUpload in C:\\Bitnami\\wampstack-7.3.11-0\\apache2\\htdocs\\FileUpload\\index.php on line 6, referer: http://localhost:4200/gyosu
[Sun Dec 01 06:00:53.414877 2019] [php7:warn] [pid 9820:tid 1252] [client ::1:51802] PHP Warning:  count(): Parameter must be an array or an object that implements Countable in C:\\Bitnami\\wampstack-7.3.11-0\\apache2\\htdocs\\FileUpload\\index.php on line 6, referer: http://localhost:4200/gyosu
[Sun Dec 01 06:30:47.356320 2019] [php7:crit] [pid 9820:tid 1256] [client ::1:52363] PHP Parse error:  syntax error, unexpected ''C:\\Users\\dbwls\\Desktop\\projec' (T_ENCAPSED_AND_WHITESPACE) in C:\\Bitnami\\wampstack-7.3.11-0\\apache2\\htdocs\\list.php on line 2, referer: http://localhost:4200/gyosu
[Sun Dec 01 06:31:16.404840 2019] [php7:crit] [pid 9820:tid 1260] [client ::1:52376] PHP Parse error:  syntax error, unexpected ''C:\\Users\\dbwls\\Desktop\\projec' (T_ENCAPSED_AND_WHITESPACE) in C:\\Bitnami\\wampstack-7.3.11-0\\apache2\\htdocs\\list.php on line 2, referer: http://localhost:4200/gyosu
[Sun Dec 01 06:31:20.375070 2019] [php7:crit] [pid 9820:tid 1260] [client ::1:52376] PHP Parse error:  syntax error, unexpected ''C:\\Users\\dbwls\\Desktop\\projec' (T_ENCAPSED_AND_WHITESPACE) in C:\\Bitnami\\wampstack-7.3.11-0\\apache2\\htdocs\\list.php on line 2, referer: http://localhost:4200/gyosu
[Sun Dec 01 06:31:55.565606 2019] [php7:crit] [pid 9820:tid 1256] [client ::1:52398] PHP Parse error:  syntax error, unexpected ''./FileUpload/uploads;\r' (T_ENCAPSED_AND_WHITESPACE) in C:\\Bitnami\\wampstack-7.3.11-0\\apache2\\htdocs\\list.php on line 2, referer: http://localhost:4200/gyosu
[Sun Dec 01 06:32:27.514166 2019] [php7:crit] [pid 9820:tid 1256] [client ::1:52430] PHP Parse error:  syntax error, unexpected ''./FileUpload/uploads;\r' (T_ENCAPSED_AND_WHITESPACE) in C:\\Bitnami\\wampstack-7.3.11-0\\apache2\\htdocs\\list.php on line 2, referer: http://localhost:4200/gyosu
[Sun Dec 01 18:07:29.008822 2019] [php7:error] [pid 9820:tid 1252] [client ::1:55858] script 'C:/Bitnami/wampstack-7.3.11-0/apache2/htdocs/index.php' not found or unable to stat
[Tue Dec 10 11:32:04.283491 2019] [php7:error] [pid 9820:tid 1256] [client ::1:62149] script 'C:/Bitnami/wampstack-7.3.11-0/apache2/htdocs/upload.php' not found or unable to stat
[Wed Dec 11 19:47:21.734896 2019] [php7:warn] [pid 9820:tid 1256] [client ::1:50938] PHP Warning:  scandir(C:\\Users\\dbwls\\Desktop\\project-master\\project-master\\angular-src\\src\\app\\components\\uploads,C:\\Users\\dbwls\\Desktop\\project-master\\project-master\\angular-src\\src\\app\\components\\uploads): \xef\xbf\xbd\xef\xbf\xbd\xef\xbf\xbd\xef\xbf\xbd\xef\xbf\xbd\xef\xbf\xbd \xef\xbf\xbd\xef\xbf\xbd\xef\xbf\xbd\xef\xbf\xbd \xc3\xa3\xef\xbf\xbd\xef\xbf\xbd \xef\xbf\xbd\xef\xbf\xbd \xef\xbf\xbd\xef\xbf\xbd\xef\xbf\xbd\xef\xbf\xbd\xef\xbf\xbd\xcf\xb4\xef\xbf\xbd. (code: 2) in C:\\Bitnami\\wampstack-7.3.11-0\\apache2\\htdocs\\list.php on line 3
[Wed Dec 11 19:47:21.735897 2019] [php7:warn] [pid 9820:tid 1256] [client ::1:50938] PHP Warning:  scandir(C:\\Users\\dbwls\\Desktop\\project-master\\project-master\\angular-src\\src\\app\\components\\uploads): failed to open dir: No such file or directory in C:\\Bitnami\\wampstack-7.3.11-0\\apache2\\htdocs\\list.php on line 3
[Wed Dec 11 19:47:21.735897 2019] [php7:warn] [pid 9820:tid 1256] [client ::1:50938] PHP Warning:  scandir(): (errno 2): No such file or directory in C:\\Bitnami\\wampstack-7.3.11-0\\apache2\\htdocs\\list.php on line 3
[Wed Dec 11 20:02:25.564167 2019] [php7:warn] [pid 9820:tid 1252] [client ::1:51162] PHP Warning:  scandir(C:\\Users\\dbwls\\Desktop\\project-master\\project-master\\angular-src\\src\\app\\components\\uploads,C:\\Users\\dbwls\\Desktop\\project-master\\project-master\\angular-src\\src\\app\\components\\uploads): \xef\xbf\xbd\xef\xbf\xbd\xef\xbf\xbd\xef\xbf\xbd\xef\xbf\xbd\xef\xbf\xbd \xef\xbf\xbd\xef\xbf\xbd\xef\xbf\xbd\xef\xbf\xbd \xc3\xa3\xef\xbf\xbd\xef\xbf\xbd \xef\xbf\xbd\xef\xbf\xbd \xef\xbf\xbd\xef\xbf\xbd\xef\xbf\xbd\xef\xbf\xbd\xef\xbf\xbd\xcf\xb4\xef\xbf\xbd. (code: 2) in C:\\Bitnami\\wampstack-7.3.11-0\\apache2\\htdocs\\list.php on line 3, referer: http://localhost/
[Wed Dec 11 20:02:25.564167 2019] [php7:warn] [pid 9820:tid 1252] [client ::1:51162] PHP Warning:  scandir(C:\\Users\\dbwls\\Desktop\\project-master\\project-master\\angular-src\\src\\app\\components\\uploads): failed to open dir: No such file or directory in C:\\Bitnami\\wampstack-7.3.11-0\\apache2\\htdocs\\list.php on line 3, referer: http://localhost/
[Wed Dec 11 20:02:25.564167 2019] [php7:warn] [pid 9820:tid 1252] [client ::1:51162] PHP Warning:  scandir(): (errno 2): No such file or directory in C:\\Bitnami\\wampstack-7.3.11-0\\apache2\\htdocs\\list.php on line 3, referer: http://localhost/
[Wed Dec 11 20:02:29.791600 2019] [php7:warn] [pid 9820:tid 1252] [client ::1:51162] PHP Warning:  scandir(C:\\Users\\dbwls\\Desktop\\project-master\\project-master\\angular-src\\src\\app\\components\\uploads,C:\\Users\\dbwls\\Desktop\\project-master\\project-master\\angular-src\\src\\app\\components\\uploads): \xef\xbf\xbd\xef\xbf\xbd\xef\xbf\xbd\xef\xbf\xbd\xef\xbf\xbd\xef\xbf\xbd \xef\xbf\xbd\xef\xbf\xbd\xef\xbf\xbd\xef\xbf\xbd \xc3\xa3\xef\xbf\xbd\xef\xbf\xbd \xef\xbf\xbd\xef\xbf\xbd \xef\xbf\xbd\xef\xbf\xbd\xef\xbf\xbd\xef\xbf\xbd\xef\xbf\xbd\xcf\xb4\xef\xbf\xbd. (code: 2) in C:\\Bitnami\\wampstack-7.3.11-0\\apache2\\htdocs\\list.php on line 3, referer: http://localhost/
[Wed Dec 11 20:02:29.791600 2019] [php7:warn] [pid 9820:tid 1252] [client ::1:51162] PHP Warning:  scandir(C:\\Users\\dbwls\\Desktop\\project-master\\project-master\\angular-src\\src\\app\\components\\uploads): failed to open dir: No such file or directory in C:\\Bitnami\\wampstack-7.3.11-0\\apache2\\htdocs\\list.php on line 3, referer: http://localhost/
[Wed Dec 11 20:02:29.791600 2019] [php7:warn] [pid 9820:tid 1252] [client ::1:51162] PHP Warning:  scandir(): (errno 2): No such file or directory in C:\\Bitnami\\wampstack-7.3.11-0\\apache2\\htdocs\\list.php on line 3, referer: http://localhost/
[Wed Dec 11 20:02:44.911785 2019] [php7:warn] [pid 9820:tid 1252] [client ::1:51169] PHP Warning:  scandir(C:\\Users\\dbwls\\Desktop\\project-master\\project-master\\angular-src\\src\\app\\components\\uploads,C:\\Users\\dbwls\\Desktop\\project-master\\project-master\\angular-src\\src\\app\\components\\uploads): \xef\xbf\xbd\xef\xbf\xbd\xef\xbf\xbd\xef\xbf\xbd\xef\xbf\xbd\xef\xbf\xbd \xef\xbf\xbd\xef\xbf\xbd\xef\xbf\xbd\xef\xbf\xbd \xc3\xa3\xef\xbf\xbd\xef\xbf\xbd \xef\xbf\xbd\xef\xbf\xbd \xef\xbf\xbd\xef\xbf\xbd\xef\xbf\xbd\xef\xbf\xbd\xef\xbf\xbd\xcf\xb4\xef\xbf\xbd. (code: 2) in C:\\Bitnami\\wampstack-7.3.11-0\\apache2\\htdocs\\list.php on line 3, referer: http://localhost/
[Wed Dec 11 20:02:44.911785 2019] [php7:warn] [pid 9820:tid 1252] [client ::1:51169] PHP Warning:  scandir(C:\\Users\\dbwls\\Desktop\\project-master\\project-master\\angular-src\\src\\app\\components\\uploads): failed to open dir: No such file or directory in C:\\Bitnami\\wampstack-7.3.11-0\\apache2\\htdocs\\list.php on line 3, referer: http://localhost/
[Wed Dec 11 20:02:44.912782 2019] [php7:warn] [pid 9820:tid 1252] [client ::1:51169] PHP Warning:  scandir(): (errno 2): No such file or directory in C:\\Bitnami\\wampstack-7.3.11-0\\apache2\\htdocs\\list.php on line 3, referer: http://localhost/
[Wed Dec 11 20:24:58.154992 2019] [php7:warn] [pid 9820:tid 1252] [client ::1:51409] PHP Warning:  scandir(C:\\Users\\dbwls\\Desktop\\project-master\\project-master\\angular-src\\src\\app\\components\\uploads,C:\\Users\\dbwls\\Desktop\\project-master\\project-master\\angular-src\\src\\app\\components\\uploads): \xef\xbf\xbd\xef\xbf\xbd\xef\xbf\xbd\xef\xbf\xbd\xef\xbf\xbd\xef\xbf\xbd \xef\xbf\xbd\xef\xbf\xbd\xef\xbf\xbd\xef\xbf\xbd \xc3\xa3\xef\xbf\xbd\xef\xbf\xbd \xef\xbf\xbd\xef\xbf\xbd \xef\xbf\xbd\xef\xbf\xbd\xef\xbf\xbd\xef\xbf\xbd\xef\xbf\xbd\xcf\xb4\xef\xbf\xbd. (code: 2) in C:\\Bitnami\\wampstack-7.3.11-0\\apache2\\htdocs\\list.php on line 3, referer: http://localhost:4200/gyosu
[Wed Dec 11 20:24:58.154992 2019] [php7:warn] [pid 9820:tid 1252] [client ::1:51409] PHP Warning:  scandir(C:\\Users\\dbwls\\Desktop\\project-master\\project-master\\angular-src\\src\\app\\components\\uploads): failed to open dir: No such file or directory in C:\\Bitnami\\wampstack-7.3.11-0\\apache2\\htdocs\\list.php on line 3, referer: http://localhost:4200/gyosu
[Wed Dec 11 20:24:58.155808 2019] [php7:warn] [pid 9820:tid 1252] [client ::1:51409] PHP Warning:  scandir(): (errno 2): No such file or directory in C:\\Bitnami\\wampstack-7.3.11-0\\apache2\\htdocs\\list.php on line 3, referer: http://localhost:4200/gyosu
[Wed Dec 11 20:27:19.373655 2019] [php7:warn] [pid 9820:tid 1256] [client ::1:51420] PHP Warning:  scandir(C:\\Users\\dbwls\\Desktop\\project-master\\project-master\\angular-src\\src\\app\\components\\uploads,C:\\Users\\dbwls\\Desktop\\project-master\\project-master\\angular-src\\src\\app\\components\\uploads): \xef\xbf\xbd\xef\xbf\xbd\xef\xbf\xbd\xef\xbf\xbd\xef\xbf\xbd\xef\xbf\xbd \xef\xbf\xbd\xef\xbf\xbd\xef\xbf\xbd\xef\xbf\xbd \xc3\xa3\xef\xbf\xbd\xef\xbf\xbd \xef\xbf\xbd\xef\xbf\xbd \xef\xbf\xbd\xef\xbf\xbd\xef\xbf\xbd\xef\xbf\xbd\xef\xbf\xbd\xcf\xb4\xef\xbf\xbd. (code: 2) in C:\\Bitnami\\wampstack-7.3.11-0\\apache2\\htdocs\\list.php on line 3, referer: http://localhost:4200/gyosu
[Wed Dec 11 20:27:19.373655 2019] [php7:warn] [pid 9820:tid 1256] [client ::1:51420] PHP Warning:  scandir(C:\\Users\\dbwls\\Desktop\\project-master\\project-master\\angular-src\\src\\app\\components\\uploads): failed to open dir: No such file or directory in C:\\Bitnami\\wampstack-7.3.11-0\\apache2\\htdocs\\list.php on line 3, referer: http://localhost:4200/gyosu
[Wed Dec 11 20:27:19.373655 2019] [php7:warn] [pid 9820:tid 1256] [client ::1:51420] PHP Warning:  scandir(): (errno 2): No such file or directory in C:\\Bitnami\\wampstack-7.3.11-0\\apache2\\htdocs\\list.php on line 3, referer: http://localhost:4200/gyosu
[Wed Dec 11 22:23:29.568367 2019] [php7:warn] [pid 9820:tid 1256] [client ::1:52486] PHP Warning:  scandir(C:\\Users\\dbwls\\Desktop\\project-master\\project-master\\angular-src\\src\\app\\components\\uploads,C:\\Users\\dbwls\\Desktop\\project-master\\project-master\\angular-src\\src\\app\\components\\uploads): \xef\xbf\xbd\xef\xbf\xbd\xef\xbf\xbd\xef\xbf\xbd\xef\xbf\xbd\xef\xbf\xbd \xef\xbf\xbd\xef\xbf\xbd\xef\xbf\xbd\xef\xbf\xbd \xc3\xa3\xef\xbf\xbd\xef\xbf\xbd \xef\xbf\xbd\xef\xbf\xbd \xef\xbf\xbd\xef\xbf\xbd\xef\xbf\xbd\xef\xbf\xbd\xef\xbf\xbd\xcf\xb4\xef\xbf\xbd. (code: 2) in C:\\Bitnami\\wampstack-7.3.11-0\\apache2\\htdocs\\list.php on line 3, referer: http://localhost:4200/gyosu
[Wed Dec 11 22:23:29.569365 2019] [php7:warn] [pid 9820:tid 1256] [client ::1:52486] PHP Warning:  scandir(C:\\Users\\dbwls\\Desktop\\project-master\\project-master\\angular-src\\src\\app\\components\\uploads): failed to open dir: No such file or directory in C:\\Bitnami\\wampstack-7.3.11-0\\apache2\\htdocs\\list.php on line 3, referer: http://localhost:4200/gyosu
[Wed Dec 11 22:23:29.570362 2019] [php7:warn] [pid 9820:tid 1256] [client ::1:52486] PHP Warning:  scandir(): (errno 2): No such file or directory in C:\\Bitnami\\wampstack-7.3.11-0\\apache2\\htdocs\\list.php on line 3, referer: http://localhost:4200/gyosu
[Wed Dec 11 22:49:10.409979 2019] [php7:notice] [pid 9820:tid 1260] [client ::1:52773] PHP Notice:  Undefined index: userfile in C:\\Bitnami\\wampstack-7.3.11-0\\apache2\\htdocs\\FileUpload\\index.php on line 13, referer: http://localhost:4200/gyosu
[Wed Dec 11 22:49:10.413968 2019] [php7:warn] [pid 9820:tid 1260] [client ::1:52773] PHP Warning:  move_uploaded_file(C:\\Users\\dbwls\\Desktop\\project-master\\project-master\\angular-src\\src\\app\\components\\uploads\\b3aee372127a703b9e0cdf643ef91f1d.): failed to open stream: Permission denied in C:\\Bitnami\\wampstack-7.3.11-0\\apache2\\htdocs\\FileUpload\\index.php on line 26, referer: http://localhost:4200/gyosu
[Wed Dec 11 22:49:10.413968 2019] [php7:warn] [pid 9820:tid 1260] [client ::1:52773] PHP Warning:  move_uploaded_file(): Unable to move 'C:\\Bitnami\\wampstack-7.3.11-0\\php\\tmp\\phpF781.tmp' to 'C:\\Users\\dbwls\\Desktop\\project-master\\project-master\\angular-src\\src\\app\\components\\uploads\\b3aee372127a703b9e0cdf643ef91f1d.' in C:\\Bitnami\\wampstack-7.3.11-0\\apache2\\htdocs\\FileUpload\\index.php on line 26, referer: http://localhost:4200/gyosu
[Thu Dec 12 02:49:14.291754 2019] [core:error] [pid 9820:tid 1256] (20023)The given path was above the root path: [client ::1:62885] AH00127: Cannot map GET /C:/Bitnami/wampstack-7.3.11-0/apache2/htdocs/FileUpload/uploads/743a3b297ca8afde95973a7ce0c3d4a8.png HTTP/1.1 to file
[Thu Dec 12 03:22:23.180098 2019] [mpm_winnt:notice] [pid 19464:tid 576] AH00422: Parent: Received shutdown signal -- Shutting down the server.
[Thu Dec 12 03:22:25.267790 2019] [mpm_winnt:notice] [pid 9820:tid 556] AH00364: Child: All worker threads have exited.
[Thu Dec 12 03:22:25.377143 2019] [mpm_winnt:notice] [pid 19464:tid 576] AH00430: Parent: Child process 9820 exited successfully.
[Thu Dec 12 03:22:53.692709 2019] [ssl:warn] [pid 5256:tid 552] AH01909: localhost:443:0 server certificate does NOT include an ID which matches the server name
[Thu Dec 12 03:22:53.742135 2019] [ssl:warn] [pid 5256:tid 552] AH01909: localhost:443:0 server certificate does NOT include an ID which matches the server name
[Thu Dec 12 03:22:53.905776 2019] [mpm_winnt:notice] [pid 5256:tid 552] AH00455: Apache/2.4.41 (Win64) OpenSSL/1.1.1c PHP/7.3.11 configured -- resuming normal operations
[Thu Dec 12 03:22:53.905776 2019] [mpm_winnt:notice] [pid 5256:tid 552] AH00456: Apache Lounge VC15 Server built: Aug 11 2019 12:20:04
[Thu Dec 12 03:22:53.905776 2019] [core:notice] [pid 5256:tid 552] AH00094: Command line: 'C:\\Bitnami\\WAMPST~1.11-\\apache2\\bin\\httpd.exe -d C:/Bitnami/wampstack-7.3.11-0/apache2 -f C:\\Bitnami\\WAMPST~1.11-\\apache2\\conf\\httpd.conf'
[Thu Dec 12 03:22:53.946990 2019] [mpm_winnt:notice] [pid 5256:tid 552] AH00418: Parent: Created child process 6904
[Thu Dec 12 03:22:56.026388 2019] [ssl:warn] [pid 6904:tid 604] AH01909: localhost:443:0 server certificate does NOT include an ID which matches the server name
[Thu Dec 12 03:22:56.076100 2019] [ssl:warn] [pid 6904:tid 604] AH01909: localhost:443:0 server certificate does NOT include an ID which matches the server name
[Thu Dec 12 03:22:56.243391 2019] [mpm_winnt:notice] [pid 6904:tid 604] AH00354: Child: Starting 64 worker threads.
[Thu Dec 12 03:25:20.186068 2019] [ssl:warn] [pid 5628:tid 652] AH01909: localhost:443:0 server certificate does NOT include an ID which matches the server name
[Thu Dec 12 03:25:20.235628 2019] [core:warn] [pid 5628:tid 652] AH00098: pid file C:/Bitnami/wampstack-7.3.11-0/apache2/logs/httpd.pid overwritten -- Unclean shutdown of previous Apache run?
[Thu Dec 12 03:25:20.237622 2019] [ssl:warn] [pid 5628:tid 652] AH01909: localhost:443:0 server certificate does NOT include an ID which matches the server name
[Thu Dec 12 03:25:20.393713 2019] [mpm_winnt:notice] [pid 5628:tid 652] AH00455: Apache/2.4.41 (Win64) OpenSSL/1.1.1c PHP/7.3.11 configured -- resuming normal operations
[Thu Dec 12 03:25:20.393713 2019] [mpm_winnt:notice] [pid 5628:tid 652] AH00456: Apache Lounge VC15 Server built: Aug 11 2019 12:20:04
[Thu Dec 12 03:25:20.393713 2019] [core:notice] [pid 5628:tid 652] AH00094: Command line: 'C:\\Bitnami\\WAMPST~1.11-\\apache2\\bin\\httpd.exe -d C:/Bitnami/wampstack-7.3.11-0/apache2 -f C:\\Bitnami\\WAMPST~1.11-\\apache2\\conf\\httpd.conf'
[Thu Dec 12 03:25:20.423605 2019] [mpm_winnt:notice] [pid 5628:tid 652] AH00418: Parent: Created child process 7132
[Thu Dec 12 03:25:21.964946 2019] [ssl:warn] [pid 7132:tid 724] AH01909: localhost:443:0 server certificate does NOT include an ID which matches the server name
[Thu Dec 12 03:25:22.007136 2019] [ssl:warn] [pid 7132:tid 724] AH01909: localhost:443:0 server certificate does NOT include an ID which matches the server name
[Thu Dec 12 03:25:22.038683 2019] [mpm_winnt:notice] [pid 7132:tid 724] AH00354: Child: Starting 64 worker threads.
